2022-08-10 23:08:657 INFO  ManageDriver :31 - Launching Chrome Browser
2022-08-10 23:08:263 INFO  DemoAccountPage :57 - Enter first name: [[ChromeDriver: chrome on WINDOWS (9b64a175188719d3da3de32c4325c53d)] -> id: name]
2022-08-10 23:08:495 INFO  DemoAccountPage :61 - Enter last name: [[ChromeDriver: chrome on WINDOWS (9b64a175188719d3da3de32c4325c53d)] -> id: name]
2022-08-10 23:08:944 INFO  DemoAccountPage :65 - Enter email id: [[ChromeDriver: chrome on WINDOWS (9b64a175188719d3da3de32c4325c53d)] -> id: email]
2022-08-10 23:08:138 INFO  DemoAccountPage :69 - Enter phone number: [[ChromeDriver: chrome on WINDOWS (9b64a175188719d3da3de32c4325c53d)] -> id: email]
2022-08-10 23:08:377 INFO  DemoAccountPage :75 - Click on check button : [[ChromeDriver: chrome on WINDOWS (9b64a175188719d3da3de32c4325c53d)] -> xpath: //body/div[1]/div[2]/div[1]/main[1]/article[1]/div[2]/div[1]/section[1]/section[1]/section[1]/div[1]/div[1]/div[1]/div[1]/div[1]/div[1]/div[1]/div[1]/div[1]/div[1]/div[1]/div[4]/div[2]/div[3]/div[1]/div[1]/div[1]/label[1]]
2022-08-10 23:08:572 INFO  DemoAccountPage :80 - Click on check button1 : [[ChromeDriver: chrome on WINDOWS (9b64a175188719d3da3de32c4325c53d)] -> xpath: //body/div[1]/div[2]/div[1]/main[1]/article[1]/div[2]/div[1]/section[1]/section[1]/section[1]/div[1]/div[1]/div[1]/div[1]/div[1]/div[1]/div[1]/div[1]/div[1]/div[1]/div[1]/div[4]/div[2]/div[4]/div[1]/div[1]/div[1]/label[1]]
2022-08-10 23:08:721 INFO  DemoAccountPage :85 - Click on create account button : [[ChromeDriver: chrome on WINDOWS (9b64a175188719d3da3de32c4325c53d)] -> id: avaWidgetSubmit]
2022-08-10 23:08:60 INFO  TradePage :49 - Click on skip tutorial popup : [[ChromeDriver: chrome on WINDOWS (9b64a175188719d3da3de32c4325c53d)] -> xpath: //span[contains(text(),'Skip Tutorial')]]
2022-08-10 23:08:271 INFO  TradePage :55 - Click on close button: [[ChromeDriver: chrome on WINDOWS (9b64a175188719d3da3de32c4325c53d)] -> xpath: //button[normalize-space()='Close']]
2022-08-10 23:08:942 INFO  TradePage :74 - Verify Three product added to the cart : [[[ChromeDriver: chrome on WINDOWS (9b64a175188719d3da3de32c4325c53d)] -> xpath: //span[@data-qa='watchlist-entity__symbol-cell']], [[ChromeDriver: chrome on WINDOWS (9b64a175188719d3da3de32c4325c53d)] -> xpath: //span[@data-qa='watchlist-entity__symbol-cell']], [[ChromeDriver: chrome on WINDOWS (9b64a175188719d3da3de32c4325c53d)] -> xpath: //span[@data-qa='watchlist-entity__symbol-cell']], [[ChromeDriver: chrome on WINDOWS (9b64a175188719d3da3de32c4325c53d)] -> xpath: //span[@data-qa='watchlist-entity__symbol-cell']], [[ChromeDriver: chrome on WINDOWS (9b64a175188719d3da3de32c4325c53d)] -> xpath: //span[@data-qa='watchlist-entity__symbol-cell']]]
2022-08-10 23:08:381 INFO  ManageDriver :31 - Launching Chrome Browser
2022-08-10 23:08:311 INFO  DemoAccountPage :57 - Enter first name: [[ChromeDriver: chrome on WINDOWS (d2740a479eba0f5a572373a24ac349e0)] -> id: name]
2022-08-10 23:08:541 INFO  DemoAccountPage :61 - Enter last name: [[ChromeDriver: chrome on WINDOWS (d2740a479eba0f5a572373a24ac349e0)] -> id: name]
2022-08-10 23:08:882 INFO  DemoAccountPage :65 - Enter email id: [[ChromeDriver: chrome on WINDOWS (d2740a479eba0f5a572373a24ac349e0)] -> id: email]
2022-08-10 23:08:80 INFO  DemoAccountPage :69 - Enter phone number: [[ChromeDriver: chrome on WINDOWS (d2740a479eba0f5a572373a24ac349e0)] -> id: email]
2022-08-10 23:08:333 INFO  DemoAccountPage :75 - Click on check button : [[ChromeDriver: chrome on WINDOWS (d2740a479eba0f5a572373a24ac349e0)] -> xpath: //body/div[1]/div[2]/div[1]/main[1]/article[1]/div[2]/div[1]/section[1]/section[1]/section[1]/div[1]/div[1]/div[1]/div[1]/div[1]/div[1]/div[1]/div[1]/div[1]/div[1]/div[1]/div[4]/div[2]/div[3]/div[1]/div[1]/div[1]/label[1]]
2022-08-10 23:08:580 INFO  DemoAccountPage :80 - Click on check button1 : [[ChromeDriver: chrome on WINDOWS (d2740a479eba0f5a572373a24ac349e0)] -> xpath: //body/div[1]/div[2]/div[1]/main[1]/article[1]/div[2]/div[1]/section[1]/section[1]/section[1]/div[1]/div[1]/div[1]/div[1]/div[1]/div[1]/div[1]/div[1]/div[1]/div[1]/div[1]/div[4]/div[2]/div[4]/div[1]/div[1]/div[1]/label[1]]
2022-08-10 23:08:735 INFO  DemoAccountPage :85 - Click on create account button : [[ChromeDriver: chrome on WINDOWS (d2740a479eba0f5a572373a24ac349e0)] -> id: avaWidgetSubmit]
2022-08-10 23:08:616 INFO  TradePage :49 - Click on skip tutorial popup : [[ChromeDriver: chrome on WINDOWS (d2740a479eba0f5a572373a24ac349e0)] -> xpath: //span[contains(text(),'Skip Tutorial')]]
2022-08-10 23:08:210 INFO  TradePage :55 - Click on close button: [[ChromeDriver: chrome on WINDOWS (d2740a479eba0f5a572373a24ac349e0)] -> xpath: //button[normalize-space()='Close']]
2022-08-10 23:08:851 INFO  TradePage :74 - Verify Three product added to the cart : [[[ChromeDriver: chrome on WINDOWS (d2740a479eba0f5a572373a24ac349e0)] -> xpath: //span[@data-qa='watchlist-entity__symbol-cell']], [[ChromeDriver: chrome on WINDOWS (d2740a479eba0f5a572373a24ac349e0)] -> xpath: //span[@data-qa='watchlist-entity__symbol-cell']], [[ChromeDriver: chrome on WINDOWS (d2740a479eba0f5a572373a24ac349e0)] -> xpath: //span[@data-qa='watchlist-entity__symbol-cell']], [[ChromeDriver: chrome on WINDOWS (d2740a479eba0f5a572373a24ac349e0)] -> xpath: //span[@data-qa='watchlist-entity__symbol-cell']], [[ChromeDriver: chrome on WINDOWS (d2740a479eba0f5a572373a24ac349e0)] -> xpath: //span[@data-qa='watchlist-entity__symbol-cell']]]
2022-08-11 01:08:67 INFO  ManageDriver :31 - Launching Chrome Browser
2022-08-11 01:08:237 INFO  DemoAccountPage :57 - Enter first name: [[ChromeDriver: chrome on WINDOWS (8e775fe7393cd7862dc780f1b6c63888)] -> id: name]
2022-08-11 01:08:537 INFO  DemoAccountPage :61 - Enter last name: [[ChromeDriver: chrome on WINDOWS (8e775fe7393cd7862dc780f1b6c63888)] -> id: name]
2022-08-11 01:08:273 INFO  DemoAccountPage :65 - Enter email id: [[ChromeDriver: chrome on WINDOWS (8e775fe7393cd7862dc780f1b6c63888)] -> id: email]
2022-08-11 01:08:521 INFO  DemoAccountPage :69 - Enter phone number: [[ChromeDriver: chrome on WINDOWS (8e775fe7393cd7862dc780f1b6c63888)] -> id: email]
2022-08-11 01:08:863 INFO  DemoAccountPage :75 - Click on check button : [[ChromeDriver: chrome on WINDOWS (8e775fe7393cd7862dc780f1b6c63888)] -> xpath: //body/div[1]/div[2]/div[1]/main[1]/article[1]/div[2]/div[1]/section[1]/section[1]/section[1]/div[1]/div[1]/div[1]/div[1]/div[1]/div[1]/div[1]/div[1]/div[1]/div[1]/div[1]/div[4]/div[2]/div[3]/div[1]/div[1]/div[1]/label[1]]
2022-08-11 01:08:180 INFO  DemoAccountPage :80 - Click on check button1 : [[ChromeDriver: chrome on WINDOWS (8e775fe7393cd7862dc780f1b6c63888)] -> xpath: //body/div[1]/div[2]/div[1]/main[1]/article[1]/div[2]/div[1]/section[1]/section[1]/section[1]/div[1]/div[1]/div[1]/div[1]/div[1]/div[1]/div[1]/div[1]/div[1]/div[1]/div[1]/div[4]/div[2]/div[4]/div[1]/div[1]/div[1]/label[1]]
2022-08-11 01:08:154 INFO  ManageDriver :31 - Launching Chrome Browser
2022-08-11 01:08:349 INFO  DemoAccountPage :57 - Enter first name: [[ChromeDriver: chrome on WINDOWS (c9385c963e9d989d96c51ae1329e205b)] -> id: name]
2022-08-11 01:08:585 INFO  DemoAccountPage :61 - Enter last name: [[ChromeDriver: chrome on WINDOWS (c9385c963e9d989d96c51ae1329e205b)] -> id: name]
2022-08-11 01:08:867 INFO  DemoAccountPage :65 - Enter email id: [[ChromeDriver: chrome on WINDOWS (c9385c963e9d989d96c51ae1329e205b)] -> id: email]
2022-08-11 01:08:109 INFO  DemoAccountPage :69 - Enter phone number: [[ChromeDriver: chrome on WINDOWS (c9385c963e9d989d96c51ae1329e205b)] -> id: email]
2022-08-11 01:08:413 INFO  DemoAccountPage :75 - Click on check button : [[ChromeDriver: chrome on WINDOWS (c9385c963e9d989d96c51ae1329e205b)] -> xpath: //body/div[1]/div[2]/div[1]/main[1]/article[1]/div[2]/div[1]/section[1]/section[1]/section[1]/div[1]/div[1]/div[1]/div[1]/div[1]/div[1]/div[1]/div[1]/div[1]/div[1]/div[1]/div[4]/div[2]/div[3]/div[1]/div[1]/div[1]/label[1]]
2022-08-11 01:08:585 INFO  DemoAccountPage :80 - Click on check button1 : [[ChromeDriver: chrome on WINDOWS (c9385c963e9d989d96c51ae1329e205b)] -> xpath: //body/div[1]/div[2]/div[1]/main[1]/article[1]/div[2]/div[1]/section[1]/section[1]/section[1]/div[1]/div[1]/div[1]/div[1]/div[1]/div[1]/div[1]/div[1]/div[1]/div[1]/div[1]/div[4]/div[2]/div[4]/div[1]/div[1]/div[1]/label[1]]
2022-08-11 01:08:733 INFO  DemoAccountPage :85 - Click on create account button : [[ChromeDriver: chrome on WINDOWS (c9385c963e9d989d96c51ae1329e205b)] -> id: avaWidgetSubmit]
2022-08-11 01:08:706 INFO  TradePage :49 - Click on skip tutorial popup : Proxy element for: DefaultElementLocator 'By.xpath: //span[contains(text(),'Skip Tutorial')]'
2022-08-11 01:08:883 INFO  ManageDriver :31 - Launching Chrome Browser
2022-08-11 01:08:655 INFO  DemoAccountPage :57 - Enter first name: [[ChromeDriver: chrome on WINDOWS (c20b13c598e24bb048ca60ec56afa04a)] -> id: name]
2022-08-11 01:08:851 INFO  DemoAccountPage :61 - Enter last name: [[ChromeDriver: chrome on WINDOWS (c20b13c598e24bb048ca60ec56afa04a)] -> id: name]
2022-08-11 01:08:125 INFO  DemoAccountPage :65 - Enter email id: [[ChromeDriver: chrome on WINDOWS (c20b13c598e24bb048ca60ec56afa04a)] -> id: email]
2022-08-11 01:08:360 INFO  DemoAccountPage :69 - Enter phone number: [[ChromeDriver: chrome on WINDOWS (c20b13c598e24bb048ca60ec56afa04a)] -> id: email]
2022-08-11 01:08:650 INFO  DemoAccountPage :75 - Click on check button : [[ChromeDriver: chrome on WINDOWS (c20b13c598e24bb048ca60ec56afa04a)] -> xpath: //body/div[1]/div[2]/div[1]/main[1]/article[1]/div[2]/div[1]/section[1]/section[1]/section[1]/div[1]/div[1]/div[1]/div[1]/div[1]/div[1]/div[1]/div[1]/div[1]/div[1]/div[1]/div[4]/div[2]/div[3]/div[1]/div[1]/div[1]/label[1]]
2022-08-11 01:08:801 INFO  DemoAccountPage :80 - Click on check button1 : [[ChromeDriver: chrome on WINDOWS (c20b13c598e24bb048ca60ec56afa04a)] -> xpath: //body/div[1]/div[2]/div[1]/main[1]/article[1]/div[2]/div[1]/section[1]/section[1]/section[1]/div[1]/div[1]/div[1]/div[1]/div[1]/div[1]/div[1]/div[1]/div[1]/div[1]/div[1]/div[4]/div[2]/div[4]/div[1]/div[1]/div[1]/label[1]]
2022-08-11 01:08:962 INFO  DemoAccountPage :85 - Click on create account button : [[ChromeDriver: chrome on WINDOWS (c20b13c598e24bb048ca60ec56afa04a)] -> id: avaWidgetSubmit]
2022-08-11 01:08:584 INFO  TradePage :49 - Click on skip tutorial popup : Proxy element for: DefaultElementLocator 'By.xpath: //span[contains(text(),'Skip Tutorial')]'
2022-08-11 01:08:166 INFO  ManageDriver :31 - Launching Chrome Browser
2022-08-11 01:08:716 INFO  DemoAccountPage :57 - Enter first name: [[ChromeDriver: chrome on WINDOWS (d2afa5098e2be8d3147b6b19bca836a3)] -> id: name]
2022-08-11 01:08:891 INFO  DemoAccountPage :61 - Enter last name: [[ChromeDriver: chrome on WINDOWS (d2afa5098e2be8d3147b6b19bca836a3)] -> id: name]
2022-08-11 01:08:122 INFO  DemoAccountPage :65 - Enter email id: [[ChromeDriver: chrome on WINDOWS (d2afa5098e2be8d3147b6b19bca836a3)] -> id: email]
2022-08-11 01:08:351 INFO  DemoAccountPage :69 - Enter phone number: [[ChromeDriver: chrome on WINDOWS (d2afa5098e2be8d3147b6b19bca836a3)] -> id: email]
2022-08-11 01:08:636 INFO  DemoAccountPage :75 - Click on check button : [[ChromeDriver: chrome on WINDOWS (d2afa5098e2be8d3147b6b19bca836a3)] -> xpath: //body/div[1]/div[2]/div[1]/main[1]/article[1]/div[2]/div[1]/section[1]/section[1]/section[1]/div[1]/div[1]/div[1]/div[1]/div[1]/div[1]/div[1]/div[1]/div[1]/div[1]/div[1]/div[4]/div[2]/div[3]/div[1]/div[1]/div[1]/label[1]]
2022-08-11 01:08:802 INFO  DemoAccountPage :80 - Click on check button1 : [[ChromeDriver: chrome on WINDOWS (d2afa5098e2be8d3147b6b19bca836a3)] -> xpath: //body/div[1]/div[2]/div[1]/main[1]/article[1]/div[2]/div[1]/section[1]/section[1]/section[1]/div[1]/div[1]/div[1]/div[1]/div[1]/div[1]/div[1]/div[1]/div[1]/div[1]/div[1]/div[4]/div[2]/div[4]/div[1]/div[1]/div[1]/label[1]]
2022-08-11 01:08:947 INFO  DemoAccountPage :85 - Click on create account button : [[ChromeDriver: chrome on WINDOWS (d2afa5098e2be8d3147b6b19bca836a3)] -> id: avaWidgetSubmit]
2022-08-11 01:08:264 INFO  TradePage :49 - Click on skip tutorial popup : Proxy element for: DefaultElementLocator 'By.xpath: //span[contains(text(),'Skip Tutorial')]'
2022-08-11 01:08:417 INFO  ManageDriver :31 - Launching Chrome Browser
2022-08-11 01:08:427 INFO  DemoAccountPage :57 - Enter first name: [[ChromeDriver: chrome on WINDOWS (28305ca76f340e9e8f675e17ad9ab4e8)] -> id: name]
2022-08-11 01:08:649 INFO  DemoAccountPage :61 - Enter last name: [[ChromeDriver: chrome on WINDOWS (28305ca76f340e9e8f675e17ad9ab4e8)] -> id: name]
2022-08-11 01:08:20 INFO  DemoAccountPage :65 - Enter email id: [[ChromeDriver: chrome on WINDOWS (28305ca76f340e9e8f675e17ad9ab4e8)] -> id: email]
2022-08-11 01:08:267 INFO  DemoAccountPage :69 - Enter phone number: [[ChromeDriver: chrome on WINDOWS (28305ca76f340e9e8f675e17ad9ab4e8)] -> id: email]
2022-08-11 01:08:557 INFO  DemoAccountPage :75 - Click on check button : [[ChromeDriver: chrome on WINDOWS (28305ca76f340e9e8f675e17ad9ab4e8)] -> xpath: //body/div[1]/div[2]/div[1]/main[1]/article[1]/div[2]/div[1]/section[1]/section[1]/section[1]/div[1]/div[1]/div[1]/div[1]/div[1]/div[1]/div[1]/div[1]/div[1]/div[1]/div[1]/div[4]/div[2]/div[3]/div[1]/div[1]/div[1]/label[1]]
2022-08-11 01:08:708 INFO  DemoAccountPage :80 - Click on check button1 : [[ChromeDriver: chrome on WINDOWS (28305ca76f340e9e8f675e17ad9ab4e8)] -> xpath: //body/div[1]/div[2]/div[1]/main[1]/article[1]/div[2]/div[1]/section[1]/section[1]/section[1]/div[1]/div[1]/div[1]/div[1]/div[1]/div[1]/div[1]/div[1]/div[1]/div[1]/div[1]/div[4]/div[2]/div[4]/div[1]/div[1]/div[1]/label[1]]
2022-08-11 01:08:864 INFO  DemoAccountPage :85 - Click on create account button : [[ChromeDriver: chrome on WINDOWS (28305ca76f340e9e8f675e17ad9ab4e8)] -> id: avaWidgetSubmit]
2022-08-11 01:08:98 INFO  TradePage :49 - Click on skip tutorial popup : Proxy element for: DefaultElementLocator 'By.xpath: //span[contains(text(),'Skip Tutorial')]'
2022-08-11 01:08:132 INFO  ManageDriver :31 - Launching Chrome Browser
2022-08-11 01:08:262 INFO  DemoAccountPage :57 - Enter first name: [[ChromeDriver: chrome on WINDOWS (edc5b6efa56ac87946e71ebe8791ee27)] -> id: name]
2022-08-11 01:08:460 INFO  DemoAccountPage :61 - Enter last name: [[ChromeDriver: chrome on WINDOWS (edc5b6efa56ac87946e71ebe8791ee27)] -> id: name]
2022-08-11 01:08:769 INFO  DemoAccountPage :65 - Enter email id: [[ChromeDriver: chrome on WINDOWS (edc5b6efa56ac87946e71ebe8791ee27)] -> id: email]
2022-08-11 01:08:988 INFO  DemoAccountPage :69 - Enter phone number: [[ChromeDriver: chrome on WINDOWS (edc5b6efa56ac87946e71ebe8791ee27)] -> id: email]
2022-08-11 01:08:275 INFO  DemoAccountPage :75 - Click on check button : [[ChromeDriver: chrome on WINDOWS (edc5b6efa56ac87946e71ebe8791ee27)] -> xpath: //body/div[1]/div[2]/div[1]/main[1]/article[1]/div[2]/div[1]/section[1]/section[1]/section[1]/div[1]/div[1]/div[1]/div[1]/div[1]/div[1]/div[1]/div[1]/div[1]/div[1]/div[1]/div[4]/div[2]/div[3]/div[1]/div[1]/div[1]/label[1]]
2022-08-11 01:08:545 INFO  DemoAccountPage :80 - Click on check button1 : [[ChromeDriver: chrome on WINDOWS (edc5b6efa56ac87946e71ebe8791ee27)] -> xpath: //body/div[1]/div[2]/div[1]/main[1]/article[1]/div[2]/div[1]/section[1]/section[1]/section[1]/div[1]/div[1]/div[1]/div[1]/div[1]/div[1]/div[1]/div[1]/div[1]/div[1]/div[1]/div[4]/div[2]/div[4]/div[1]/div[1]/div[1]/label[1]]
2022-08-11 01:08:681 INFO  DemoAccountPage :85 - Click on create account button : [[ChromeDriver: chrome on WINDOWS (edc5b6efa56ac87946e71ebe8791ee27)] -> id: avaWidgetSubmit]
2022-08-11 01:08:164 INFO  TradePage :49 - Click on skip tutorial popup : [[ChromeDriver: chrome on WINDOWS (edc5b6efa56ac87946e71ebe8791ee27)] -> xpath: //span[contains(text(),'Skip Tutorial')]]
2022-08-11 01:08:226 INFO  TradePage :55 - Click on close button: [[ChromeDriver: chrome on WINDOWS (edc5b6efa56ac87946e71ebe8791ee27)] -> xpath: //button[normalize-space()='Close']]
2022-08-11 01:08:18 INFO  TradePage :61 - Click on crypto currency: [[ChromeDriver: chrome on WINDOWS (edc5b6efa56ac87946e71ebe8791ee27)] -> xpath: //div[contains(text(),'Crypto')]]
2022-08-11 01:08:357 INFO  TradePage :67 - Click on BCHUSD star icon: [[ChromeDriver: chrome on WINDOWS (edc5b6efa56ac87946e71ebe8791ee27)] -> xpath: (//div[@class='watchlist-entity.component_favCell__1pYE6']//i//i)[1]]
2022-08-11 01:08:466 INFO  TradePage :69 - Click on BTCEUR star icon: [[ChromeDriver: chrome on WINDOWS (edc5b6efa56ac87946e71ebe8791ee27)] -> xpath: (//div[@class='watchlist-entity.component_favCell__1pYE6']//i//i)[2]]
2022-08-11 01:08:561 INFO  TradePage :71 - Click on bTCJPY star icon: [[ChromeDriver: chrome on WINDOWS (edc5b6efa56ac87946e71ebe8791ee27)] -> xpath: (//div[@class='watchlist-entity.component_favCell__1pYE6']//i//i)[3]]
2022-08-11 01:08:650 INFO  TradePage :75 - Click on favorites button [[ChromeDriver: chrome on WINDOWS (edc5b6efa56ac87946e71ebe8791ee27)] -> xpath: //div[contains(text(),'Favorites')]]
2022-08-11 01:08:156 INFO  TradePage :79 - Verify Five product added to the cart : [[[ChromeDriver: chrome on WINDOWS (edc5b6efa56ac87946e71ebe8791ee27)] -> xpath: //span[@data-qa='watchlist-entity__symbol-cell']], [[ChromeDriver: chrome on WINDOWS (edc5b6efa56ac87946e71ebe8791ee27)] -> xpath: //span[@data-qa='watchlist-entity__symbol-cell']], [[ChromeDriver: chrome on WINDOWS (edc5b6efa56ac87946e71ebe8791ee27)] -> xpath: //span[@data-qa='watchlist-entity__symbol-cell']], [[ChromeDriver: chrome on WINDOWS (edc5b6efa56ac87946e71ebe8791ee27)] -> xpath: //span[@data-qa='watchlist-entity__symbol-cell']], [[ChromeDriver: chrome on WINDOWS (edc5b6efa56ac87946e71ebe8791ee27)] -> xpath: //span[@data-qa='watchlist-entity__symbol-cell']]]
2022-08-11 09:08:630 INFO  ManageDriver :31 - Launching Chrome Browser
2022-08-11 09:08:85 INFO  DemoAccountPage :57 - Enter first name: [[ChromeDriver: chrome on WINDOWS (c368b7428acfdcaad2125929901d9b15)] -> id: name]
2022-08-11 09:08:378 INFO  DemoAccountPage :61 - Enter last name: [[ChromeDriver: chrome on WINDOWS (c368b7428acfdcaad2125929901d9b15)] -> id: name]
2022-08-11 09:08:891 INFO  DemoAccountPage :65 - Enter email id: [[ChromeDriver: chrome on WINDOWS (c368b7428acfdcaad2125929901d9b15)] -> id: email]
2022-08-11 09:08:148 INFO  DemoAccountPage :69 - Enter phone number: [[ChromeDriver: chrome on WINDOWS (c368b7428acfdcaad2125929901d9b15)] -> id: email]
2022-08-11 09:08:485 INFO  DemoAccountPage :75 - Click on check button : [[ChromeDriver: chrome on WINDOWS (c368b7428acfdcaad2125929901d9b15)] -> xpath: //body/div[1]/div[2]/div[1]/main[1]/article[1]/div[2]/div[1]/section[1]/section[1]/section[1]/div[1]/div[1]/div[1]/div[1]/div[1]/div[1]/div[1]/div[1]/div[1]/div[1]/div[1]/div[4]/div[2]/div[3]/div[1]/div[1]/div[1]/label[1]]
2022-08-11 09:08:667 INFO  DemoAccountPage :80 - Click on check button1 : [[ChromeDriver: chrome on WINDOWS (c368b7428acfdcaad2125929901d9b15)] -> xpath: //body/div[1]/div[2]/div[1]/main[1]/article[1]/div[2]/div[1]/section[1]/section[1]/section[1]/div[1]/div[1]/div[1]/div[1]/div[1]/div[1]/div[1]/div[1]/div[1]/div[1]/div[1]/div[4]/div[2]/div[4]/div[1]/div[1]/div[1]/label[1]]
2022-08-11 09:08:820 INFO  DemoAccountPage :85 - Click on create account button : [[ChromeDriver: chrome on WINDOWS (c368b7428acfdcaad2125929901d9b15)] -> id: avaWidgetSubmit]
2022-08-11 09:08:245 INFO  TradePage :49 - Click on skip tutorial popup : [[ChromeDriver: chrome on WINDOWS (c368b7428acfdcaad2125929901d9b15)] -> xpath: //span[contains(text(),'Skip Tutorial')]]
2022-08-11 09:08:858 INFO  TradePage :55 - Click on close button: [[ChromeDriver: chrome on WINDOWS (c368b7428acfdcaad2125929901d9b15)] -> xpath: //button[normalize-space()='Close']]
2022-08-11 09:08:513 INFO  TradePage :61 - Click on crypto currency: [[ChromeDriver: chrome on WINDOWS (c368b7428acfdcaad2125929901d9b15)] -> xpath: //div[contains(text(),'Crypto')]]
2022-08-11 09:08:831 INFO  TradePage :67 - Click on BCHUSD star icon: [[ChromeDriver: chrome on WINDOWS (c368b7428acfdcaad2125929901d9b15)] -> xpath: (//div[@class='watchlist-entity.component_favCell__1pYE6']//i//i)[1]]
2022-08-11 09:08:936 INFO  TradePage :69 - Click on BTCEUR star icon: [[ChromeDriver: chrome on WINDOWS (c368b7428acfdcaad2125929901d9b15)] -> xpath: (//div[@class='watchlist-entity.component_favCell__1pYE6']//i//i)[2]]
2022-08-11 09:08:40 INFO  TradePage :71 - Click on bTCJPY star icon: [[ChromeDriver: chrome on WINDOWS (c368b7428acfdcaad2125929901d9b15)] -> xpath: (//div[@class='watchlist-entity.component_favCell__1pYE6']//i//i)[3]]
2022-08-11 09:08:149 INFO  TradePage :75 - Click on favorites button [[ChromeDriver: chrome on WINDOWS (c368b7428acfdcaad2125929901d9b15)] -> xpath: //div[contains(text(),'Favorites')]]
2022-08-11 09:08:549 INFO  ManageDriver :31 - Launching Chrome Browser
2022-08-11 09:08:506 INFO  DemoAccountPage :57 - Enter first name: [[ChromeDriver: chrome on WINDOWS (e1bdf899328571f2fd8c6234f6910be5)] -> id: name]
2022-08-11 09:08:692 INFO  DemoAccountPage :61 - Enter last name: [[ChromeDriver: chrome on WINDOWS (e1bdf899328571f2fd8c6234f6910be5)] -> id: name]
2022-08-11 09:08:101 INFO  DemoAccountPage :65 - Enter email id: [[ChromeDriver: chrome on WINDOWS (e1bdf899328571f2fd8c6234f6910be5)] -> id: email]
2022-08-11 09:08:331 INFO  DemoAccountPage :69 - Enter phone number: [[ChromeDriver: chrome on WINDOWS (e1bdf899328571f2fd8c6234f6910be5)] -> id: email]
2022-08-11 09:08:647 INFO  DemoAccountPage :75 - Click on check button : [[ChromeDriver: chrome on WINDOWS (e1bdf899328571f2fd8c6234f6910be5)] -> xpath: //body/div[1]/div[2]/div[1]/main[1]/article[1]/div[2]/div[1]/section[1]/section[1]/section[1]/div[1]/div[1]/div[1]/div[1]/div[1]/div[1]/div[1]/div[1]/div[1]/div[1]/div[1]/div[4]/div[2]/div[3]/div[1]/div[1]/div[1]/label[1]]
2022-08-11 09:08:984 INFO  DemoAccountPage :80 - Click on check button1 : [[ChromeDriver: chrome on WINDOWS (e1bdf899328571f2fd8c6234f6910be5)] -> xpath: //body/div[1]/div[2]/div[1]/main[1]/article[1]/div[2]/div[1]/section[1]/section[1]/section[1]/div[1]/div[1]/div[1]/div[1]/div[1]/div[1]/div[1]/div[1]/div[1]/div[1]/div[1]/div[4]/div[2]/div[4]/div[1]/div[1]/div[1]/label[1]]
2022-08-11 09:08:137 INFO  DemoAccountPage :85 - Click on create account button : [[ChromeDriver: chrome on WINDOWS (e1bdf899328571f2fd8c6234f6910be5)] -> id: avaWidgetSubmit]
2022-08-11 09:08:79 INFO  TradePage :49 - Click on skip tutorial popup : [[ChromeDriver: chrome on WINDOWS (e1bdf899328571f2fd8c6234f6910be5)] -> xpath: //span[contains(text(),'Skip Tutorial')]]
2022-08-11 09:08:908 INFO  TradePage :55 - Click on close button: [[ChromeDriver: chrome on WINDOWS (e1bdf899328571f2fd8c6234f6910be5)] -> xpath: //button[normalize-space()='Close']]
2022-08-11 09:08:193 INFO  TradePage :61 - Click on crypto currency: [[ChromeDriver: chrome on WINDOWS (e1bdf899328571f2fd8c6234f6910be5)] -> xpath: //div[contains(text(),'Crypto')]]
2022-08-11 09:08:583 INFO  TradePage :67 - Click on BCHUSD star icon: [[ChromeDriver: chrome on WINDOWS (e1bdf899328571f2fd8c6234f6910be5)] -> xpath: (//div[@class='watchlist-entity.component_favCell__1pYE6']//i//i)[1]]
2022-08-11 09:08:740 INFO  TradePage :69 - Click on BTCEUR star icon: [[ChromeDriver: chrome on WINDOWS (e1bdf899328571f2fd8c6234f6910be5)] -> xpath: (//div[@class='watchlist-entity.component_favCell__1pYE6']//i//i)[2]]
2022-08-11 09:08:863 INFO  TradePage :71 - Click on bTCJPY star icon: [[ChromeDriver: chrome on WINDOWS (e1bdf899328571f2fd8c6234f6910be5)] -> xpath: (//div[@class='watchlist-entity.component_favCell__1pYE6']//i//i)[3]]
2022-08-11 09:08:981 INFO  TradePage :75 - Click on favorites button [[ChromeDriver: chrome on WINDOWS (e1bdf899328571f2fd8c6234f6910be5)] -> xpath: //div[contains(text(),'Favorites')]]
2022-08-11 09:08:799 INFO  ManageDriver :31 - Launching Chrome Browser
2022-08-11 09:08:930 INFO  DemoAccountPage :57 - Enter first name: [[ChromeDriver: chrome on WINDOWS (fee3fc8851f78d6060e972d4241c0310)] -> id: name]
2022-08-11 09:08:166 INFO  DemoAccountPage :61 - Enter last name: [[ChromeDriver: chrome on WINDOWS (fee3fc8851f78d6060e972d4241c0310)] -> id: name]
2022-08-11 09:08:575 INFO  DemoAccountPage :65 - Enter email id: [[ChromeDriver: chrome on WINDOWS (fee3fc8851f78d6060e972d4241c0310)] -> id: email]
2022-08-11 09:08:807 INFO  DemoAccountPage :69 - Enter phone number: [[ChromeDriver: chrome on WINDOWS (fee3fc8851f78d6060e972d4241c0310)] -> id: email]
2022-08-11 09:08:126 INFO  DemoAccountPage :75 - Click on check button : [[ChromeDriver: chrome on WINDOWS (fee3fc8851f78d6060e972d4241c0310)] -> xpath: //body/div[1]/div[2]/div[1]/main[1]/article[1]/div[2]/div[1]/section[1]/section[1]/section[1]/div[1]/div[1]/div[1]/div[1]/div[1]/div[1]/div[1]/div[1]/div[1]/div[1]/div[1]/div[4]/div[2]/div[3]/div[1]/div[1]/div[1]/label[1]]
2022-08-11 09:08:454 INFO  DemoAccountPage :80 - Click on check button1 : [[ChromeDriver: chrome on WINDOWS (fee3fc8851f78d6060e972d4241c0310)] -> xpath: //body/div[1]/div[2]/div[1]/main[1]/article[1]/div[2]/div[1]/section[1]/section[1]/section[1]/div[1]/div[1]/div[1]/div[1]/div[1]/div[1]/div[1]/div[1]/div[1]/div[1]/div[1]/div[4]/div[2]/div[4]/div[1]/div[1]/div[1]/label[1]]
2022-08-11 09:08:616 INFO  DemoAccountPage :85 - Click on create account button : [[ChromeDriver: chrome on WINDOWS (fee3fc8851f78d6060e972d4241c0310)] -> id: avaWidgetSubmit]
2022-08-11 09:08:962 INFO  TradePage :49 - Click on skip tutorial popup : [[ChromeDriver: chrome on WINDOWS (fee3fc8851f78d6060e972d4241c0310)] -> xpath: //span[contains(text(),'Skip Tutorial')]]
2022-08-11 09:08:198 INFO  TradePage :55 - Click on close button: [[ChromeDriver: chrome on WINDOWS (fee3fc8851f78d6060e972d4241c0310)] -> xpath: //button[normalize-space()='Close']]
2022-08-11 09:08:428 INFO  TradePage :61 - Click on crypto currency: [[ChromeDriver: chrome on WINDOWS (fee3fc8851f78d6060e972d4241c0310)] -> xpath: //div[contains(text(),'Crypto')]]
2022-08-11 09:08:751 INFO  TradePage :67 - Click on BCHUSD star icon: [[ChromeDriver: chrome on WINDOWS (fee3fc8851f78d6060e972d4241c0310)] -> xpath: (//div[@class='watchlist-entity.component_favCell__1pYE6']//i//i)[1]]
2022-08-11 09:08:892 INFO  TradePage :69 - Click on BTCEUR star icon: [[ChromeDriver: chrome on WINDOWS (fee3fc8851f78d6060e972d4241c0310)] -> xpath: (//div[@class='watchlist-entity.component_favCell__1pYE6']//i//i)[2]]
2022-08-11 09:08:985 INFO  TradePage :71 - Click on bTCJPY star icon: [[ChromeDriver: chrome on WINDOWS (fee3fc8851f78d6060e972d4241c0310)] -> xpath: (//div[@class='watchlist-entity.component_favCell__1pYE6']//i//i)[3]]
2022-08-11 09:08:134 INFO  TradePage :75 - Click on favorites button [[ChromeDriver: chrome on WINDOWS (fee3fc8851f78d6060e972d4241c0310)] -> xpath: //div[contains(text(),'Favorites')]]
2022-08-11 10:08:867 INFO  ManageDriver :31 - Launching Chrome Browser
2022-08-11 10:08:227 INFO  DemoAccountPage :57 - Enter first name: [[ChromeDriver: chrome on WINDOWS (ba56f90882b4cd66ca0d3dcb4d69dc13)] -> id: name]
2022-08-11 10:08:490 INFO  DemoAccountPage :61 - Enter last name: [[ChromeDriver: chrome on WINDOWS (ba56f90882b4cd66ca0d3dcb4d69dc13)] -> id: name]
2022-08-11 10:08:910 INFO  DemoAccountPage :65 - Enter email id: [[ChromeDriver: chrome on WINDOWS (ba56f90882b4cd66ca0d3dcb4d69dc13)] -> id: email]
2022-08-11 10:08:107 INFO  DemoAccountPage :69 - Enter phone number: [[ChromeDriver: chrome on WINDOWS (ba56f90882b4cd66ca0d3dcb4d69dc13)] -> id: email]
2022-08-11 10:08:395 INFO  DemoAccountPage :75 - Click on check button : [[ChromeDriver: chrome on WINDOWS (ba56f90882b4cd66ca0d3dcb4d69dc13)] -> xpath: //body/div[1]/div[2]/div[1]/main[1]/article[1]/div[2]/div[1]/section[1]/section[1]/section[1]/div[1]/div[1]/div[1]/div[1]/div[1]/div[1]/div[1]/div[1]/div[1]/div[1]/div[1]/div[4]/div[2]/div[3]/div[1]/div[1]/div[1]/label[1]]
2022-08-11 10:08:708 INFO  DemoAccountPage :80 - Click on check button1 : [[ChromeDriver: chrome on WINDOWS (ba56f90882b4cd66ca0d3dcb4d69dc13)] -> xpath: //body/div[1]/div[2]/div[1]/main[1]/article[1]/div[2]/div[1]/section[1]/section[1]/section[1]/div[1]/div[1]/div[1]/div[1]/div[1]/div[1]/div[1]/div[1]/div[1]/div[1]/div[1]/div[4]/div[2]/div[4]/div[1]/div[1]/div[1]/label[1]]
2022-08-11 10:08:855 INFO  DemoAccountPage :85 - Click on create account button : [[ChromeDriver: chrome on WINDOWS (ba56f90882b4cd66ca0d3dcb4d69dc13)] -> id: avaWidgetSubmit]
2022-08-11 10:08:645 INFO  TradePage :49 - Click on skip tutorial popup : [[ChromeDriver: chrome on WINDOWS (ba56f90882b4cd66ca0d3dcb4d69dc13)] -> xpath: //span[contains(text(),'Skip Tutorial')]]
2022-08-11 10:08:258 INFO  TradePage :55 - Click on close button: [[ChromeDriver: chrome on WINDOWS (ba56f90882b4cd66ca0d3dcb4d69dc13)] -> xpath: //button[normalize-space()='Close']]
2022-08-11 10:08:56 INFO  TradePage :61 - Click on crypto currency: [[ChromeDriver: chrome on WINDOWS (ba56f90882b4cd66ca0d3dcb4d69dc13)] -> xpath: //div[contains(text(),'Crypto')]]
2022-08-11 10:08:825 INFO  TradePage :67 - Click on BCHUSD star icon: [[ChromeDriver: chrome on WINDOWS (ba56f90882b4cd66ca0d3dcb4d69dc13)] -> xpath: (//div[@class='watchlist-entity.component_favCell__1pYE6']//i//i)[1]]
2022-08-11 10:08:935 INFO  TradePage :69 - Click on BTCEUR star icon: [[ChromeDriver: chrome on WINDOWS (ba56f90882b4cd66ca0d3dcb4d69dc13)] -> xpath: (//div[@class='watchlist-entity.component_favCell__1pYE6']//i//i)[2]]
2022-08-11 10:08:29 INFO  TradePage :71 - Click on bTCJPY star icon: [[ChromeDriver: chrome on WINDOWS (ba56f90882b4cd66ca0d3dcb4d69dc13)] -> xpath: (//div[@class='watchlist-entity.component_favCell__1pYE6']//i//i)[3]]
2022-08-11 10:08:138 INFO  TradePage :75 - Click on favorites button [[ChromeDriver: chrome on WINDOWS (ba56f90882b4cd66ca0d3dcb4d69dc13)] -> xpath: //div[contains(text(),'Favorites')]]
2022-08-15 12:08:401 INFO  ManageDriver :31 - Launching Chrome Browser
2022-08-15 12:08:97 INFO  DemoAccountPage :57 - Enter first name: [[ChromeDriver: chrome on WINDOWS (e86e3faf9bb10c0ef1a80f6608901a17)] -> id: name]
2022-08-15 12:08:281 INFO  DemoAccountPage :61 - Enter last name: [[ChromeDriver: chrome on WINDOWS (e86e3faf9bb10c0ef1a80f6608901a17)] -> id: name]
2022-08-15 12:08:545 INFO  DemoAccountPage :65 - Enter email id: [[ChromeDriver: chrome on WINDOWS (e86e3faf9bb10c0ef1a80f6608901a17)] -> id: email]
2022-08-15 12:08:709 INFO  DemoAccountPage :69 - Enter phone number: [[ChromeDriver: chrome on WINDOWS (e86e3faf9bb10c0ef1a80f6608901a17)] -> id: email]
2022-08-15 12:08:940 INFO  DemoAccountPage :75 - Click on check button : [[ChromeDriver: chrome on WINDOWS (e86e3faf9bb10c0ef1a80f6608901a17)] -> xpath: //body/div[1]/div[2]/div[1]/main[1]/article[1]/div[2]/div[1]/section[1]/section[1]/section[1]/div[1]/div[1]/div[1]/div[1]/div[1]/div[1]/div[1]/div[1]/div[1]/div[1]/div[1]/div[4]/div[2]/div[3]/div[1]/div[1]/div[1]/label[1]]
2022-08-15 12:08:84 INFO  DemoAccountPage :80 - Click on check button1 : [[ChromeDriver: chrome on WINDOWS (e86e3faf9bb10c0ef1a80f6608901a17)] -> xpath: //body/div[1]/div[2]/div[1]/main[1]/article[1]/div[2]/div[1]/section[1]/section[1]/section[1]/div[1]/div[1]/div[1]/div[1]/div[1]/div[1]/div[1]/div[1]/div[1]/div[1]/div[1]/div[4]/div[2]/div[4]/div[1]/div[1]/div[1]/label[1]]
2022-08-15 12:08:200 INFO  DemoAccountPage :85 - Click on create account button : [[ChromeDriver: chrome on WINDOWS (e86e3faf9bb10c0ef1a80f6608901a17)] -> id: avaWidgetSubmit]
2022-08-15 12:08:05 INFO  TradePage :49 - Click on skip tutorial popup : [[ChromeDriver: chrome on WINDOWS (e86e3faf9bb10c0ef1a80f6608901a17)] -> xpath: //span[contains(text(),'Skip Tutorial')]]
2022-08-15 12:08:974 INFO  TradePage :55 - Click on close button: [[ChromeDriver: chrome on WINDOWS (e86e3faf9bb10c0ef1a80f6608901a17)] -> xpath: //button[normalize-space()='Close']]
2022-08-15 12:08:973 INFO  TradePage :61 - Click on crypto currency: [[ChromeDriver: chrome on WINDOWS (e86e3faf9bb10c0ef1a80f6608901a17)] -> xpath: //div[contains(text(),'Crypto')]]
2022-08-15 12:08:217 INFO  TradePage :67 - Click on BCHUSD star icon: [[ChromeDriver: chrome on WINDOWS (e86e3faf9bb10c0ef1a80f6608901a17)] -> xpath: (//div[@class='watchlist-entity.component_favCell__1pYE6']//i//i)[1]]
2022-08-15 12:08:300 INFO  TradePage :69 - Click on BTCEUR star icon: [[ChromeDriver: chrome on WINDOWS (e86e3faf9bb10c0ef1a80f6608901a17)] -> xpath: (//div[@class='watchlist-entity.component_favCell__1pYE6']//i//i)[2]]
2022-08-15 12:08:355 INFO  TradePage :71 - Click on bTCJPY star icon: [[ChromeDriver: chrome on WINDOWS (e86e3faf9bb10c0ef1a80f6608901a17)] -> xpath: (//div[@class='watchlist-entity.component_favCell__1pYE6']//i//i)[3]]
2022-08-15 12:08:415 INFO  TradePage :75 - Click on favorites button [[ChromeDriver: chrome on WINDOWS (e86e3faf9bb10c0ef1a80f6608901a17)] -> xpath: //div[contains(text(),'Favorites')]]
